{"level":"info","message":"Request from ::1","timestamp":"2017-12-15T00:01:29.409Z"}
{"level":"info","message":"Request from ::1","timestamp":"2017-12-15T00:01:45.660Z"}
{"level":"verbose","message":"Get todo 5a2b227260a8623d4c9963ae","timestamp":"2017-12-15T00:01:45.661Z"}
{"level":"info","message":"Request from ::1","timestamp":"2017-12-15T00:03:30.652Z"}
{"level":"verbose","message":"Get todo 5a2b227260a8623d4c9963ae","timestamp":"2017-12-15T00:03:30.653Z"}
{"level":"info","message":"Request from ::1","timestamp":"2017-12-15T00:04:00.849Z"}
{"level":"info","message":"Request from ::1","timestamp":"2017-12-15T00:04:16.646Z"}
{"level":"verbose","message":"Get todo 5a2b227260a8623d4c9963ae","timestamp":"2017-12-15T00:04:16.648Z"}
{"level":"info","message":"Request from ::1","timestamp":"2017-12-15T00:04:31.216Z"}
{"level":"info","message":"Request from ::1","timestamp":"2017-12-15T00:04:46.646Z"}
{"level":"verbose","message":"Get todo 5a2b227260a8623d4c9963ae","timestamp":"2017-12-15T00:04:46.647Z"}
{"level":"info","message":"Request from ::1","timestamp":"2017-12-15T00:05:18.203Z"}
{"level":"info","message":"Request from ::1","timestamp":"2017-12-15T00:05:37.664Z"}
{"level":"verbose","message":"Get todo 5a2b227260a8623d4c9963ae","timestamp":"2017-12-15T00:05:37.665Z"}
{"level":"info","message":"Request from ::1","timestamp":"2017-12-15T00:07:46.676Z"}
{"level":"verbose","message":"Get todo 5a2b227260a8623d4c9963ae","timestamp":"2017-12-15T00:07:46.678Z"}
{"level":"info","message":"Request from ::1","timestamp":"2017-12-15T00:07:57.184Z"}
{"level":"info","message":"Request from ::1","timestamp":"2017-12-15T00:08:11.683Z"}
{"level":"verbose","message":"Get todo 5a2b227260a8623d4c9963ae","timestamp":"2017-12-15T00:08:11.684Z"}
{"level":"info","message":"Request from ::1","timestamp":"2017-12-15T00:08:46.636Z"}
{"level":"verbose","message":"Get todo 5a2b227260a8623d4c9963ae","timestamp":"2017-12-15T00:08:46.637Z"}
{"level":"info","message":"Request from ::1","timestamp":"2017-12-15T00:10:18.680Z"}
{"level":"verbose","message":"Get todo 5a2b227260a8623d4c9963ae","timestamp":"2017-12-15T00:10:18.682Z"}
{"level":"info","message":"Request from ::1","timestamp":"2017-12-15T00:11:03.649Z"}
{"level":"verbose","message":"Get todo 5a2b227260a8623d4c9963ae","timestamp":"2017-12-15T00:11:03.653Z"}
{"level":"info","message":"Request from ::1","timestamp":"2017-12-15T00:11:59.672Z"}
{"level":"verbose","message":"Get todo 5a2b227260a8623d4c9963ae","timestamp":"2017-12-15T00:11:59.674Z"}
{"level":"info","message":"Request from ::1","timestamp":"2017-12-15T00:13:10.670Z"}
{"level":"verbose","message":"Get todo 5a2b227260a8623d4c9963ae","timestamp":"2017-12-15T00:13:10.672Z"}
{"level":"info","message":"Request from ::1","timestamp":"2017-12-15T00:13:46.637Z"}
{"level":"verbose","message":"Get todo 5a2b227260a8623d4c9963ae","timestamp":"2017-12-15T00:13:46.638Z"}
{"level":"info","message":"Request from ::1","timestamp":"2017-12-15T00:14:12.656Z"}
{"level":"verbose","message":"Get todo 5a2b227260a8623d4c9963ae","timestamp":"2017-12-15T00:14:12.657Z"}
{"level":"info","message":"Request from ::1","timestamp":"2017-12-15T00:14:59.673Z"}
{"level":"verbose","message":"Get todo 5a2b227260a8623d4c9963ae","timestamp":"2017-12-15T00:14:59.675Z"}
{"level":"info","message":"Request from ::1","timestamp":"2017-12-15T00:15:38.657Z"}
{"level":"verbose","message":"Get todo 5a2b227260a8623d4c9963ae","timestamp":"2017-12-15T00:15:38.657Z"}
{"level":"info","message":"Request from ::1","timestamp":"2017-12-15T00:18:49.665Z"}
{"level":"verbose","message":"Get todo 5a2b227260a8623d4c9963ae","timestamp":"2017-12-15T00:18:49.666Z"}
{"level":"info","message":"Request from ::1","timestamp":"2017-12-15T00:20:36.662Z"}
{"level":"verbose","message":"Get todo 5a2b227260a8623d4c9963ae","timestamp":"2017-12-15T00:20:36.664Z"}
{"level":"info","message":"Request from ::1","timestamp":"2017-12-15T00:21:43.672Z"}
{"level":"verbose","message":"Get todo 5a2b227260a8623d4c9963ae","timestamp":"2017-12-15T00:21:43.674Z"}
{"level":"info","message":"Request from ::1","timestamp":"2017-12-15T00:22:23.669Z"}
{"level":"verbose","message":"Get todo 5a2b227260a8623d4c9963ae","timestamp":"2017-12-15T00:22:23.675Z"}
{"level":"info","message":"Request from ::1","timestamp":"2017-12-15T00:23:38.678Z"}
{"level":"verbose","message":"Get todo 5a2b227260a8623d4c9963ae","timestamp":"2017-12-15T00:23:38.679Z"}
{"level":"info","message":"Request from ::1","timestamp":"2017-12-15T00:24:28.660Z"}
{"level":"verbose","message":"Get todo 5a2b227260a8623d4c9963ae","timestamp":"2017-12-15T00:24:28.662Z"}
{"level":"info","message":"Request from ::1","timestamp":"2017-12-15T00:24:54.641Z"}
{"level":"verbose","message":"Get todo 5a2b227260a8623d4c9963ae","timestamp":"2017-12-15T00:24:54.641Z"}
{"level":"info","message":"Request from ::1","timestamp":"2017-12-15T00:26:25.655Z"}
{"level":"verbose","message":"Get todo 5a2b227260a8623d4c9963ae","timestamp":"2017-12-15T00:26:25.656Z"}
{"level":"info","message":"Request from ::1","timestamp":"2017-12-15T00:27:09.668Z"}
{"level":"verbose","message":"Get todo 5a2b227260a8623d4c9963ae","timestamp":"2017-12-15T00:27:09.671Z"}
{"level":"info","message":"Request from ::1","timestamp":"2017-12-15T00:27:53.668Z"}
{"level":"verbose","message":"Get todo 5a2b227260a8623d4c9963ae","timestamp":"2017-12-15T00:27:53.669Z"}
{"level":"info","message":"Request from ::1","timestamp":"2017-12-15T00:29:17.668Z"}
{"level":"verbose","message":"Get todo 5a2b227260a8623d4c9963ae","timestamp":"2017-12-15T00:29:17.671Z"}
{"level":"info","message":"Request from ::1","timestamp":"2017-12-15T00:30:07.643Z"}
{"level":"verbose","message":"Get todo 5a2b227260a8623d4c9963ae","timestamp":"2017-12-15T00:30:07.644Z"}
{"level":"info","message":"Request from ::1","timestamp":"2017-12-15T00:30:57.673Z"}
{"level":"verbose","message":"Get todo 5a2b227260a8623d4c9963ae","timestamp":"2017-12-15T00:30:57.673Z"}
{"level":"info","message":"Request from ::1","timestamp":"2017-12-15T00:31:21.664Z"}
{"level":"verbose","message":"Get todo 5a2b227260a8623d4c9963ae","timestamp":"2017-12-15T00:31:21.665Z"}
{"level":"info","message":"Request from ::1","timestamp":"2017-12-15T00:32:44.645Z"}
{"level":"verbose","message":"Get todo 5a2b227260a8623d4c9963ae","timestamp":"2017-12-15T00:32:44.645Z"}
{"level":"info","message":"Request from ::1","timestamp":"2017-12-15T00:33:53.667Z"}
{"level":"verbose","message":"Get todo 5a2b227260a8623d4c9963ae","timestamp":"2017-12-15T00:33:53.668Z"}
{"level":"info","message":"Request from ::1","timestamp":"2017-12-15T00:34:45.664Z"}
{"level":"verbose","message":"Get todo 5a2b227260a8623d4c9963ae","timestamp":"2017-12-15T00:34:45.665Z"}
{"level":"info","message":"Request from ::1","timestamp":"2017-12-15T00:35:11.667Z"}
{"level":"verbose","message":"Get todo 5a2b227260a8623d4c9963ae","timestamp":"2017-12-15T00:35:11.668Z"}
{"level":"info","message":"Request from ::1","timestamp":"2017-12-15T00:35:48.637Z"}
{"level":"verbose","message":"Get todo 5a2b227260a8623d4c9963ae","timestamp":"2017-12-15T00:35:48.638Z"}
{"level":"info","message":"Request from ::1","timestamp":"2017-12-15T00:36:28.650Z"}
{"level":"verbose","message":"Get todo 5a2b227260a8623d4c9963ae","timestamp":"2017-12-15T00:36:28.652Z"}
{"level":"info","message":"Request from ::1","timestamp":"2017-12-15T00:37:02.670Z"}
{"level":"verbose","message":"Get todo 5a2b227260a8623d4c9963ae","timestamp":"2017-12-15T00:37:02.674Z"}
{"level":"info","message":"Request from ::1","timestamp":"2017-12-15T00:37:47.668Z"}
{"level":"verbose","message":"Get todo 5a2b227260a8623d4c9963ae","timestamp":"2017-12-15T00:37:47.670Z"}
{"level":"info","message":"Request from ::1","timestamp":"2017-12-15T00:38:17.654Z"}
{"level":"verbose","message":"Get todo 5a2b227260a8623d4c9963ae","timestamp":"2017-12-15T00:38:17.655Z"}
{"level":"info","message":"Request from ::1","timestamp":"2017-12-15T00:39:16.670Z"}
{"level":"verbose","message":"Get todo 5a2b227260a8623d4c9963ae","timestamp":"2017-12-15T00:39:16.671Z"}
{"level":"info","message":"Request from ::1","timestamp":"2017-12-15T00:40:42.648Z"}
{"level":"verbose","message":"Get todo 5a2b227260a8623d4c9963ae","timestamp":"2017-12-15T00:40:42.649Z"}
{"level":"info","message":"Request from ::1","timestamp":"2017-12-15T00:41:14.655Z"}
{"level":"verbose","message":"Get todo 5a2b227260a8623d4c9963ae","timestamp":"2017-12-15T00:41:14.656Z"}
{"level":"info","message":"Request from ::1","timestamp":"2017-12-15T00:42:01.673Z"}
{"level":"verbose","message":"Get todo 5a2b227260a8623d4c9963ae","timestamp":"2017-12-15T00:42:01.676Z"}
{"level":"info","message":"Request from ::1","timestamp":"2017-12-15T00:42:36.639Z"}
{"level":"verbose","message":"Get todo 5a2b227260a8623d4c9963ae","timestamp":"2017-12-15T00:42:36.640Z"}
{"level":"info","message":"Request from ::1","timestamp":"2017-12-15T00:44:09.669Z"}
{"level":"verbose","message":"Get todo 5a2b227260a8623d4c9963ae","timestamp":"2017-12-15T00:44:09.670Z"}
{"level":"info","message":"Request from ::1","timestamp":"2017-12-15T00:44:34.672Z"}
{"level":"verbose","message":"Get todo 5a2b227260a8623d4c9963ae","timestamp":"2017-12-15T00:44:34.673Z"}
{"level":"info","message":"Request from ::1","timestamp":"2017-12-15T00:47:00.661Z"}
{"level":"verbose","message":"Get todo 5a2b227260a8623d4c9963ae","timestamp":"2017-12-15T00:47:00.662Z"}
{"level":"info","message":"Request from ::1","timestamp":"2017-12-15T00:47:38.679Z"}
{"level":"verbose","message":"Get todo 5a2b227260a8623d4c9963ae","timestamp":"2017-12-15T00:47:38.680Z"}
{"level":"info","message":"Request from ::1","timestamp":"2017-12-15T00:48:55.649Z"}
{"level":"verbose","message":"Get todo 5a2b227260a8623d4c9963ae","timestamp":"2017-12-15T00:48:55.652Z"}
{"level":"info","message":"Request from ::1","timestamp":"2017-12-15T00:51:23.666Z"}
{"level":"verbose","message":"Get todo 5a2b227260a8623d4c9963ae","timestamp":"2017-12-15T00:51:23.667Z"}
{"level":"info","message":"Request from ::1","timestamp":"2017-12-15T00:52:17.400Z"}
{"level":"info","message":"Request from ::1","timestamp":"2017-12-15T00:52:17.590Z"}
{"level":"verbose","message":"Get todo 5a2b227260a8623d4c9963ae","timestamp":"2017-12-15T00:52:17.592Z"}
{"level":"info","message":"Request from ::1","timestamp":"2017-12-15T00:52:55.821Z"}
{"level":"verbose","message":"Get todo 5a2b227260a8623d4c9963ae","timestamp":"2017-12-15T00:52:55.822Z"}
{"level":"info","message":"Request from ::1","timestamp":"2017-12-15T00:53:16.655Z"}
{"level":"verbose","message":"Get todo 5a2b227260a8623d4c9963ae","timestamp":"2017-12-15T00:53:16.661Z"}
{"level":"info","message":"Request from ::1","timestamp":"2017-12-15T00:54:07.292Z"}
{"level":"verbose","message":"Get todo 5a2b227260a8623d4c9963ae","timestamp":"2017-12-15T00:54:07.293Z"}
{"level":"info","message":"Request from ::1","timestamp":"2017-12-15T00:54:29.669Z"}
{"level":"verbose","message":"Get todo 5a2b227260a8623d4c9963ae","timestamp":"2017-12-15T00:54:29.672Z"}
{"level":"info","message":"Request from ::1","timestamp":"2017-12-15T00:55:05.785Z"}
{"level":"verbose","message":"Get todo 5a2b227260a8623d4c9963ae","timestamp":"2017-12-15T00:55:05.786Z"}
{"level":"info","message":"Request from ::1","timestamp":"2017-12-15T00:55:28.310Z"}
{"level":"verbose","message":"Get todo 5a2b227260a8623d4c9963ae","timestamp":"2017-12-15T00:55:28.310Z"}
{"level":"info","message":"Request from ::1","timestamp":"2017-12-15T00:55:49.639Z"}
{"level":"verbose","message":"Get todo 5a2b227260a8623d4c9963ae","timestamp":"2017-12-15T00:55:49.640Z"}
{"level":"info","message":"Request from ::1","timestamp":"2017-12-15T00:57:19.277Z"}
{"level":"verbose","message":"Get todo 5a2b227260a8623d4c9963ae","timestamp":"2017-12-15T00:57:19.278Z"}
{"level":"info","message":"Request from ::1","timestamp":"2017-12-15T00:57:21.984Z"}
{"level":"verbose","message":"Get todo 5a2b227260a8623d4c9963ae","timestamp":"2017-12-15T00:57:21.985Z"}
{"level":"info","message":"Request from ::1","timestamp":"2017-12-15T00:57:40.664Z"}
{"level":"verbose","message":"Get todo 5a2b227260a8623d4c9963ae","timestamp":"2017-12-15T00:57:40.665Z"}
{"level":"info","message":"Request from ::1","timestamp":"2017-12-15T00:58:00.928Z"}
{"level":"verbose","message":"Get todo 5a2b227260a8623d4c9963ae","timestamp":"2017-12-15T00:58:00.932Z"}
{"level":"info","message":"Request from ::1","timestamp":"2017-12-15T00:58:22.672Z"}
{"level":"verbose","message":"Get todo 5a2b227260a8623d4c9963ae","timestamp":"2017-12-15T00:58:22.674Z"}
{"level":"info","message":"Request from ::1","timestamp":"2017-12-15T00:59:06.729Z"}
{"level":"verbose","message":"Get todo 5a2b227260a8623d4c9963ae","timestamp":"2017-12-15T00:59:06.729Z"}
{"level":"info","message":"Request from ::1","timestamp":"2017-12-15T00:59:08.706Z"}
{"level":"verbose","message":"Get todo 5a2b227260a8623d4c9963ae","timestamp":"2017-12-15T00:59:08.706Z"}
{"level":"info","message":"Request from ::1","timestamp":"2017-12-15T00:59:15.027Z"}
{"level":"verbose","message":"Get todo 5a2b227260a8623d4c9963ae","timestamp":"2017-12-15T00:59:15.027Z"}
{"level":"info","message":"Request from ::1","timestamp":"2017-12-15T00:59:38.767Z"}
{"level":"verbose","message":"Get todo 5a2b227260a8623d4c9963ae","timestamp":"2017-12-15T00:59:38.768Z"}
{"level":"info","message":"Request from ::1","timestamp":"2017-12-15T01:00:00.664Z"}
{"level":"verbose","message":"Get todo 5a2b227260a8623d4c9963ae","timestamp":"2017-12-15T01:00:00.667Z"}
{"level":"info","message":"Request from ::1","timestamp":"2017-12-15T01:00:05.799Z"}
{"level":"verbose","message":"Get todo 5a2b227260a8623d4c9963ae","timestamp":"2017-12-15T01:00:05.800Z"}
{"level":"info","message":"Request from ::1","timestamp":"2017-12-15T01:00:27.663Z"}
{"level":"verbose","message":"Get todo 5a2b227260a8623d4c9963ae","timestamp":"2017-12-15T01:00:27.664Z"}
{"level":"info","message":"Request from ::1","timestamp":"2017-12-15T01:04:06.336Z"}
{"level":"verbose","message":"Get todo 5a2b227260a8623d4c9963ae","timestamp":"2017-12-15T01:04:06.337Z"}
{"level":"info","message":"Request from ::1","timestamp":"2017-12-15T01:04:27.674Z"}
{"level":"verbose","message":"Get todo 5a2b227260a8623d4c9963ae","timestamp":"2017-12-15T01:04:27.675Z"}
{"level":"info","message":"Request from ::1","timestamp":"2017-12-15T01:05:27.010Z"}
{"level":"verbose","message":"Get todo 5a2b227260a8623d4c9963ae","timestamp":"2017-12-15T01:05:27.011Z"}
{"level":"info","message":"Request from ::1","timestamp":"2017-12-15T01:05:32.690Z"}
{"level":"verbose","message":"Get todo 5a2b227260a8623d4c9963ae","timestamp":"2017-12-15T01:05:32.692Z"}
{"level":"info","message":"Request from ::1","timestamp":"2017-12-15T01:05:48.659Z"}
{"level":"verbose","message":"Get todo 5a2b227260a8623d4c9963ae","timestamp":"2017-12-15T01:05:48.661Z"}
{"level":"info","message":"Request from ::1","timestamp":"2017-12-15T01:06:24.803Z"}
{"level":"verbose","message":"Get todo 5a2b227260a8623d4c9963ae","timestamp":"2017-12-15T01:06:24.804Z"}
{"level":"info","message":"Request from ::1","timestamp":"2017-12-15T01:06:41.770Z"}
{"level":"verbose","message":"Get todo 5a2b227260a8623d4c9963ae","timestamp":"2017-12-15T01:06:41.773Z"}
{"level":"info","message":"Request from ::1","timestamp":"2017-12-15T01:07:03.672Z"}
{"level":"verbose","message":"Get todo 5a2b227260a8623d4c9963ae","timestamp":"2017-12-15T01:07:03.674Z"}
{"level":"info","message":"Request from ::1","timestamp":"2017-12-15T01:07:31.442Z"}
{"level":"verbose","message":"Get todo 5a2b227260a8623d4c9963ae","timestamp":"2017-12-15T01:07:31.442Z"}
{"level":"info","message":"Request from ::1","timestamp":"2017-12-15T01:07:53.668Z"}
{"level":"verbose","message":"Get todo 5a2b227260a8623d4c9963ae","timestamp":"2017-12-15T01:07:53.669Z"}
{"level":"info","message":"Request from ::1","timestamp":"2017-12-15T01:08:26.534Z"}
{"level":"verbose","message":"Get todo 5a2b227260a8623d4c9963ae","timestamp":"2017-12-15T01:08:26.535Z"}
{"level":"info","message":"Request from ::1","timestamp":"2017-12-15T01:08:28.959Z"}
{"level":"verbose","message":"Get todo 5a2b227260a8623d4c9963ae","timestamp":"2017-12-15T01:08:28.959Z"}
{"level":"info","message":"Request from ::1","timestamp":"2017-12-15T01:08:38.304Z"}
{"level":"verbose","message":"Get todo 5a2b227260a8623d4c9963ae","timestamp":"2017-12-15T01:08:38.305Z"}
{"level":"info","message":"Request from ::1","timestamp":"2017-12-15T01:08:41.418Z"}
{"level":"verbose","message":"Get todo 5a2b227260a8623d4c9963ae","timestamp":"2017-12-15T01:08:41.418Z"}
{"level":"info","message":"Request from ::1","timestamp":"2017-12-15T01:08:59.664Z"}
{"level":"verbose","message":"Get todo 5a2b227260a8623d4c9963ae","timestamp":"2017-12-15T01:08:59.666Z"}
{"level":"info","message":"Request from ::1","timestamp":"2017-12-15T01:10:04.237Z"}
{"level":"verbose","message":"Get todo 5a2b227260a8623d4c9963ae","timestamp":"2017-12-15T01:10:04.238Z"}
{"level":"info","message":"Request from ::1","timestamp":"2017-12-15T01:10:26.664Z"}
{"level":"verbose","message":"Get todo 5a2b227260a8623d4c9963ae","timestamp":"2017-12-15T01:10:26.665Z"}
{"level":"info","message":"Request from ::1","timestamp":"2017-12-15T01:10:33.107Z"}
{"level":"info","message":"Request from ::1","timestamp":"2017-12-15T01:10:33.250Z"}
{"level":"verbose","message":"Get todo 5a2b227260a8623d4c9963ae","timestamp":"2017-12-15T01:10:33.251Z"}
{"level":"info","message":"Request from ::1","timestamp":"2017-12-15T01:11:37.276Z"}
{"level":"verbose","message":"Get todo 5a2b227260a8623d4c9963ae","timestamp":"2017-12-15T01:11:37.278Z"}
{"level":"info","message":"Request from ::1","timestamp":"2017-12-15T01:11:59.666Z"}
{"level":"verbose","message":"Get todo 5a2b227260a8623d4c9963ae","timestamp":"2017-12-15T01:11:59.668Z"}
{"level":"info","message":"Request from ::1","timestamp":"2017-12-15T01:12:46.498Z"}
{"level":"verbose","message":"Get todo 5a2b227260a8623d4c9963ae","timestamp":"2017-12-15T01:12:46.498Z"}
{"level":"info","message":"Request from ::1","timestamp":"2017-12-15T01:13:08.639Z"}
{"level":"verbose","message":"Get todo 5a2b227260a8623d4c9963ae","timestamp":"2017-12-15T01:13:08.639Z"}
{"level":"info","message":"Request from ::1","timestamp":"2017-12-15T01:13:39.318Z"}
{"level":"verbose","message":"Get todo 5a2b227260a8623d4c9963ae","timestamp":"2017-12-15T01:13:39.319Z"}
{"level":"info","message":"Request from ::1","timestamp":"2017-12-15T01:14:01.648Z"}
{"level":"verbose","message":"Get todo 5a2b227260a8623d4c9963ae","timestamp":"2017-12-15T01:14:01.650Z"}
{"level":"info","message":"Request from ::1","timestamp":"2017-12-15T01:15:29.980Z"}
{"level":"verbose","message":"Get todo 5a2b227260a8623d4c9963ae","timestamp":"2017-12-15T01:15:29.980Z"}
{"level":"info","message":"Request from ::1","timestamp":"2017-12-15T01:15:32.135Z"}
{"level":"verbose","message":"Get todo 5a2b227260a8623d4c9963ae","timestamp":"2017-12-15T01:15:32.136Z"}
{"level":"info","message":"Request from ::1","timestamp":"2017-12-15T01:15:43.329Z"}
{"level":"verbose","message":"Get todo 5a2b227260a8623d4c9963ae","timestamp":"2017-12-15T01:15:43.330Z"}
{"level":"info","message":"Request from ::1","timestamp":"2017-12-15T01:16:05.664Z"}
{"level":"verbose","message":"Get todo 5a2b227260a8623d4c9963ae","timestamp":"2017-12-15T01:16:05.665Z"}
{"level":"info","message":"Request from ::1","timestamp":"2017-12-15T01:16:11.285Z"}
{"level":"verbose","message":"Get todo 5a2b227260a8623d4c9963ae","timestamp":"2017-12-15T01:16:11.286Z"}
{"level":"info","message":"Request from ::1","timestamp":"2017-12-15T01:16:33.664Z"}
{"level":"verbose","message":"Get todo 5a2b227260a8623d4c9963ae","timestamp":"2017-12-15T01:16:33.666Z"}
{"level":"info","message":"Request from ::1","timestamp":"2017-12-15T01:16:37.481Z"}
{"level":"info","message":"Request from ::1","timestamp":"2017-12-15T01:16:37.618Z"}
{"level":"verbose","message":"Get todo 5a2b227260a8623d4c9963ae","timestamp":"2017-12-15T01:16:37.619Z"}
{"level":"info","message":"Request from ::1","timestamp":"2017-12-15T01:17:29.941Z"}
{"level":"verbose","message":"Get todo 5a2b227260a8623d4c9963ae","timestamp":"2017-12-15T01:17:29.941Z"}
{"level":"info","message":"Request from ::1","timestamp":"2017-12-15T01:17:51.678Z"}
{"level":"verbose","message":"Get todo 5a2b227260a8623d4c9963ae","timestamp":"2017-12-15T01:17:51.680Z"}
{"level":"info","message":"Request from ::1","timestamp":"2017-12-15T01:18:25.038Z"}
{"level":"verbose","message":"Get todo 5a2b227260a8623d4c9963ae","timestamp":"2017-12-15T01:18:25.038Z"}
{"level":"info","message":"Request from ::1","timestamp":"2017-12-15T01:18:34.950Z"}
{"level":"verbose","message":"Get todo 5a2b227260a8623d4c9963ae","timestamp":"2017-12-15T01:18:34.952Z"}
{"level":"info","message":"Request from ::1","timestamp":"2017-12-15T01:18:56.665Z"}
{"level":"verbose","message":"Get todo 5a2b227260a8623d4c9963ae","timestamp":"2017-12-15T01:18:56.667Z"}
{"level":"info","message":"Request from ::1","timestamp":"2017-12-15T01:19:13.586Z"}
{"level":"verbose","message":"Get todo 5a2b227260a8623d4c9963ae","timestamp":"2017-12-15T01:19:13.587Z"}
{"level":"info","message":"Request from ::1","timestamp":"2017-12-15T01:19:30.719Z"}
{"level":"verbose","message":"Get todo 5a2b227260a8623d4c9963ae","timestamp":"2017-12-15T01:19:30.719Z"}
{"level":"info","message":"Request from ::1","timestamp":"2017-12-15T01:19:52.665Z"}
{"level":"verbose","message":"Get todo 5a2b227260a8623d4c9963ae","timestamp":"2017-12-15T01:19:52.666Z"}
{"level":"info","message":"Request from ::1","timestamp":"2017-12-15T01:20:00.958Z"}
{"level":"verbose","message":"Get todo 5a2b227260a8623d4c9963ae","timestamp":"2017-12-15T01:20:00.958Z"}
{"level":"info","message":"Request from ::1","timestamp":"2017-12-15T01:20:22.671Z"}
{"level":"verbose","message":"Get todo 5a2b227260a8623d4c9963ae","timestamp":"2017-12-15T01:20:22.673Z"}
{"level":"info","message":"Request from ::1","timestamp":"2017-12-15T01:20:32.362Z"}
{"level":"verbose","message":"Get todo 5a2b227260a8623d4c9963ae","timestamp":"2017-12-15T01:20:32.363Z"}
{"level":"info","message":"Request from ::1","timestamp":"2017-12-15T01:20:54.685Z"}
{"level":"verbose","message":"Get todo 5a2b227260a8623d4c9963ae","timestamp":"2017-12-15T01:20:54.686Z"}
{"level":"info","message":"Request from ::1","timestamp":"2017-12-15T01:20:58.373Z"}
{"level":"verbose","message":"Get todo 5a2b227260a8623d4c9963ae","timestamp":"2017-12-15T01:20:58.377Z"}
{"level":"info","message":"Request from ::1","timestamp":"2017-12-15T01:21:20.662Z"}
{"level":"verbose","message":"Get todo 5a2b227260a8623d4c9963ae","timestamp":"2017-12-15T01:21:20.663Z"}
{"level":"info","message":"Request from ::1","timestamp":"2017-12-15T01:22:56.112Z"}
{"level":"verbose","message":"Get todo 5a2b227260a8623d4c9963ae","timestamp":"2017-12-15T01:22:56.115Z"}
{"level":"info","message":"Request from ::1","timestamp":"2017-12-15T01:23:17.668Z"}
{"level":"verbose","message":"Get todo 5a2b227260a8623d4c9963ae","timestamp":"2017-12-15T01:23:17.674Z"}
{"level":"info","message":"Request from ::1","timestamp":"2017-12-15T01:24:30.577Z"}
{"level":"verbose","message":"Get todo 5a2b227260a8623d4c9963ae","timestamp":"2017-12-15T01:24:30.580Z"}
{"level":"info","message":"Request from ::1","timestamp":"2017-12-15T01:24:51.675Z"}
{"level":"verbose","message":"Get todo 5a2b227260a8623d4c9963ae","timestamp":"2017-12-15T01:24:51.682Z"}
{"level":"info","message":"Request from ::1","timestamp":"2017-12-15T01:25:17.146Z"}
{"level":"verbose","message":"Get todo 5a2b227260a8623d4c9963ae","timestamp":"2017-12-15T01:25:17.146Z"}
{"level":"info","message":"Request from ::1","timestamp":"2017-12-15T01:25:39.659Z"}
{"level":"verbose","message":"Get todo 5a2b227260a8623d4c9963ae","timestamp":"2017-12-15T01:25:39.661Z"}
{"level":"info","message":"Request from ::1","timestamp":"2017-12-15T01:26:39.540Z"}
{"level":"verbose","message":"Get todo 5a2b227260a8623d4c9963ae","timestamp":"2017-12-15T01:26:39.540Z"}
{"level":"info","message":"Request from ::1","timestamp":"2017-12-15T01:27:01.668Z"}
{"level":"verbose","message":"Get todo 5a2b227260a8623d4c9963ae","timestamp":"2017-12-15T01:27:01.669Z"}
{"level":"info","message":"Request from ::1","timestamp":"2017-12-15T01:27:18.846Z"}
{"level":"verbose","message":"Get todo 5a2b227260a8623d4c9963ae","timestamp":"2017-12-15T01:27:18.846Z"}
{"level":"info","message":"Request from ::1","timestamp":"2017-12-15T01:27:40.672Z"}
{"level":"verbose","message":"Get todo 5a2b227260a8623d4c9963ae","timestamp":"2017-12-15T01:27:40.675Z"}
{"level":"info","message":"Request from ::1","timestamp":"2017-12-15T01:28:21.886Z"}
{"level":"verbose","message":"Get todo 5a2b227260a8623d4c9963ae","timestamp":"2017-12-15T01:28:21.887Z"}
{"level":"info","message":"Request from ::1","timestamp":"2017-12-15T01:28:43.665Z"}
{"level":"verbose","message":"Get todo 5a2b227260a8623d4c9963ae","timestamp":"2017-12-15T01:28:43.666Z"}
{"level":"info","message":"Request from ::1","timestamp":"2017-12-15T01:28:53.105Z"}
{"level":"verbose","message":"Get todo 5a2b227260a8623d4c9963ae","timestamp":"2017-12-15T01:28:53.106Z"}
{"level":"info","message":"Request from ::1","timestamp":"2017-12-15T01:29:14.668Z"}
{"level":"verbose","message":"Get todo 5a2b227260a8623d4c9963ae","timestamp":"2017-12-15T01:29:14.669Z"}
{"level":"info","message":"Request from ::1","timestamp":"2017-12-15T01:30:20.248Z"}
{"level":"verbose","message":"Get todo 5a2b227260a8623d4c9963ae","timestamp":"2017-12-15T01:30:20.251Z"}
{"level":"info","message":"Request from ::1","timestamp":"2017-12-15T01:30:48.477Z"}
{"level":"verbose","message":"Create User","timestamp":"2017-12-15T01:30:48.478Z"}
{"level":"info","message":"Request from ::1","timestamp":"2017-12-15T01:30:59.263Z"}
{"level":"info","message":"Request from ::1","timestamp":"2017-12-15T01:31:04.739Z"}
{"level":"info","message":"Request from ::1","timestamp":"2017-12-15T01:31:05.964Z"}
{"level":"info","message":"Request from ::1","timestamp":"2017-12-15T01:31:06.174Z"}
{"level":"info","message":"Request from ::1","timestamp":"2017-12-15T01:31:16.313Z"}
{"level":"info","message":"Request from ::1","timestamp":"2017-12-15T01:31:16.445Z"}
{"level":"verbose","message":"Get todo 5a2b227260a8623d4c9963ae","timestamp":"2017-12-15T01:31:16.446Z"}
{"level":"info","message":"Request from ::1","timestamp":"2017-12-15T01:31:35.812Z"}
{"level":"verbose","message":"Create User","timestamp":"2017-12-15T01:31:35.812Z"}
{"level":"info","message":"Request from ::1","timestamp":"2017-12-15T01:31:40.083Z"}
{"level":"info","message":"Request from ::1","timestamp":"2017-12-15T01:31:40.216Z"}
{"level":"verbose","message":"Get todo 5a3325f7afe4f43db0717ba6","timestamp":"2017-12-15T01:31:40.217Z"}
{"level":"info","message":"Request from ::1","timestamp":"2017-12-15T01:31:57.877Z"}
{"level":"verbose","message":"Create Todo","timestamp":"2017-12-15T01:31:57.877Z"}
{"level":"info","message":"Request from ::1","timestamp":"2017-12-15T01:31:57.897Z"}
{"level":"verbose","message":"Upload file for todo 5a33260dafe4f43db0717ba7 and 5a3325f7afe4f43db0717ba6","timestamp":"2017-12-15T01:31:57.904Z"}
{"level":"info","message":"Request from ::1","timestamp":"2017-12-15T01:32:02.235Z"}
{"level":"info","message":"Update Todos","timestamp":"2017-12-15T01:32:02.236Z"}
{"level":"info","message":"Request from ::1","timestamp":"2017-12-15T01:32:06.401Z"}
{"level":"info","message":"Update Todos","timestamp":"2017-12-15T01:32:06.401Z"}
{"level":"info","message":"Request from ::1","timestamp":"2017-12-15T01:32:11.915Z"}
{"level":"info","message":"Update Todos","timestamp":"2017-12-15T01:32:11.916Z"}
{"level":"info","message":"Request from ::1","timestamp":"2017-12-15T01:32:24.285Z"}
{"level":"info","message":"Update Todos","timestamp":"2017-12-15T01:32:24.286Z"}
{"level":"info","message":"Request from ::1","timestamp":"2017-12-15T01:32:26.132Z"}
{"level":"info","message":"Update Todos","timestamp":"2017-12-15T01:32:26.133Z"}
{"level":"info","message":"Request from ::1","timestamp":"2017-12-15T01:32:30.173Z"}
{"level":"verbose","message":"Get todo 5a3325f7afe4f43db0717ba6","timestamp":"2017-12-15T01:32:30.176Z"}
{"level":"info","message":"Request from ::1","timestamp":"2017-12-15T01:32:38.405Z"}
{"level":"info","message":"Request from ::1","timestamp":"2017-12-15T01:32:52.057Z"}
{"level":"info","message":"Update Todos","timestamp":"2017-12-15T01:32:52.058Z"}
{"level":"info","message":"Request from ::1","timestamp":"2017-12-15T01:32:56.262Z"}
{"level":"info","message":"Delete Todo ","timestamp":"2017-12-15T01:32:56.264Z"}
{"level":"info","message":"Loading Mongoose functionality","timestamp":"2017-12-15T01:37:13.136Z"}
{"level":"info","message":"Starting application","timestamp":"2017-12-15T01:37:13.472Z"}
{"level":"info","message":"Mongoose connected to the database","timestamp":"2017-12-15T01:37:13.532Z"}
{"level":"info","message":"Request from ::1","timestamp":"2017-12-15T01:37:27.000Z"}
{"level":"info","message":"Loading Mongoose functionality","timestamp":"2017-12-15T01:38:58.526Z"}
{"level":"info","message":"Starting application","timestamp":"2017-12-15T01:38:58.747Z"}
{"level":"info","message":"Mongoose connected to the database","timestamp":"2017-12-15T01:38:58.785Z"}
{"level":"info","message":"Request from ::1","timestamp":"2017-12-15T01:39:04.285Z"}
{"level":"info","message":"Request from ::1","timestamp":"2017-12-15T01:39:04.329Z"}
{"level":"info","message":"Request from ::1","timestamp":"2017-12-15T01:39:04.335Z"}
{"level":"info","message":"Request from ::1","timestamp":"2017-12-15T01:39:04.771Z"}
{"level":"info","message":"Request from ::1","timestamp":"2017-12-15T01:39:04.983Z"}
{"level":"info","message":"Request from ::1","timestamp":"2017-12-15T01:39:13.106Z"}
{"level":"info","message":"Request from ::1","timestamp":"2017-12-15T01:39:13.314Z"}
{"level":"verbose","message":"Get todo 5a3325f7afe4f43db0717ba6","timestamp":"2017-12-15T01:39:13.318Z"}
{"level":"info","message":"Request from ::1","timestamp":"2017-12-15T01:39:39.521Z"}
{"level":"verbose","message":"Create Todo","timestamp":"2017-12-15T01:39:39.523Z"}
{"level":"info","message":"Request from ::1","timestamp":"2017-12-15T01:39:39.582Z"}
{"level":"verbose","message":"Upload file for todo 5a3327dbf5ea50121c77f7b0 and 5a3325f7afe4f43db0717ba6","timestamp":"2017-12-15T01:39:39.607Z"}
{"level":"info","message":"Request from ::1","timestamp":"2017-12-15T01:39:45.385Z"}
{"level":"info","message":"Request from ::1","timestamp":"2017-12-15T01:39:45.427Z"}
{"level":"info","message":"Request from ::1","timestamp":"2017-12-15T01:39:45.429Z"}
{"level":"info","message":"Request from ::1","timestamp":"2017-12-15T01:39:45.812Z"}
{"level":"info","message":"Request from ::1","timestamp":"2017-12-15T01:39:45.997Z"}
{"level":"verbose","message":"Get todo 5a3325f7afe4f43db0717ba6","timestamp":"2017-12-15T01:39:45.999Z"}
{"level":"info","message":"Request from ::1","timestamp":"2017-12-15T01:39:47.151Z"}
{"level":"info","message":"Request from ::1","timestamp":"2017-12-15T01:43:01.404Z"}
{"level":"info","message":"Request from ::1","timestamp":"2017-12-15T01:43:01.430Z"}
{"level":"info","message":"Request from ::1","timestamp":"2017-12-15T01:43:01.441Z"}
{"level":"info","message":"Request from ::1","timestamp":"2017-12-15T01:43:01.993Z"}
{"level":"info","message":"Request from ::1","timestamp":"2017-12-15T01:43:02.279Z"}
{"level":"info","message":"Request from ::1","timestamp":"2017-12-15T01:43:06.298Z"}
{"level":"info","message":"Request from ::1","timestamp":"2017-12-15T01:43:06.474Z"}
{"level":"verbose","message":"Get todo 5a3325f7afe4f43db0717ba6","timestamp":"2017-12-15T01:43:06.475Z"}
{"level":"info","message":"Request from ::1","timestamp":"2017-12-15T01:43:09.498Z"}
{"level":"info","message":"Update Todos","timestamp":"2017-12-15T01:43:09.500Z"}
{"level":"info","message":"Request from ::1","timestamp":"2017-12-15T01:43:11.302Z"}
{"level":"info","message":"Request from ::1","timestamp":"2017-12-15T01:43:11.325Z"}
{"level":"info","message":"Request from ::1","timestamp":"2017-12-15T01:43:11.329Z"}
{"level":"info","message":"Request from ::1","timestamp":"2017-12-15T01:43:11.702Z"}
{"level":"info","message":"Request from ::1","timestamp":"2017-12-15T01:43:11.893Z"}
{"level":"verbose","message":"Get todo 5a3325f7afe4f43db0717ba6","timestamp":"2017-12-15T01:43:11.894Z"}
{"level":"info","message":"Request from ::1","timestamp":"2017-12-15T01:43:15.672Z"}
