{"level":"info","message":"Request from ::1","timestamp":"2017-12-13T00:29:19.883Z"}
{"level":"info","message":"Request from ::1","timestamp":"2017-12-13T00:29:25.680Z"}
{"level":"info","message":"Request from ::1","timestamp":"2017-12-13T00:29:28.293Z"}
{"level":"info","message":"Request from ::1","timestamp":"2017-12-13T00:29:33.164Z"}
{"level":"info","message":"Request from ::1","timestamp":"2017-12-13T00:29:33.315Z"}
{"level":"verbose","message":"Get todo 5a2b227260a8623d4c9963ae","timestamp":"2017-12-13T00:29:33.316Z"}
{"level":"info","message":"Request from ::1","timestamp":"2017-12-13T00:35:22.413Z"}
{"level":"info","message":"Request from ::1","timestamp":"2017-12-13T00:35:22.725Z"}
{"level":"verbose","message":"Get todo 5a2b227260a8623d4c9963ae","timestamp":"2017-12-13T00:35:22.726Z"}
{"level":"info","message":"Request from ::1","timestamp":"2017-12-13T00:37:53.632Z"}
{"level":"verbose","message":"Create Todo","timestamp":"2017-12-13T00:37:53.633Z"}
{"level":"info","message":"Loading Mongoose functionality","timestamp":"2017-12-13T23:55:13.885Z"}
{"level":"info","message":"Starting application","timestamp":"2017-12-13T23:55:14.238Z"}
{"level":"info","message":"Mongoose connected to the database","timestamp":"2017-12-13T23:55:14.291Z"}
{"level":"info","message":"Request from ::1","timestamp":"2017-12-13T23:56:03.464Z"}
{"level":"info","message":"Request from ::1","timestamp":"2017-12-13T23:56:09.129Z"}
{"level":"info","message":"Request from ::1","timestamp":"2017-12-13T23:56:12.207Z"}
{"level":"info","message":"Request from ::1","timestamp":"2017-12-13T23:56:19.660Z"}
{"level":"info","message":"Request from ::1","timestamp":"2017-12-13T23:56:19.809Z"}
{"level":"verbose","message":"Get todo 5a2b227260a8623d4c9963ae","timestamp":"2017-12-13T23:56:19.811Z"}
{"level":"info","message":"Request from ::1","timestamp":"2017-12-13T23:56:25.224Z"}
{"level":"info","message":"Delete Todo ","timestamp":"2017-12-13T23:56:25.224Z"}
